<?xml version="1.0" encoding="UTF-8"?>
<!-- Generated by org.testng.reporters.JUnitXMLReporter -->
<testsuite ignored="0" hostname="LTIN718959" failures="0" tests="10" name="Default test" time="15.47" errors="0" timestamp="2026-04-07T17:07:50 IST">
  <testcase classname="com.example.hrm.tests.TestLoginPage" name="validateTitle" time="0.153"/>
  <testcase classname="com.example.hrm.tests.TestLoginPage" name="Login" time="1.5"/>
  <testcase classname="com.example.hrm.tests.TestLoginPage" name="validateHomepageURL" time="0.034"/>
  <testcase classname="com.example.hrm.tests.TestLoginPage" name="gotoAdmintab" time="1.556"/>
  <testcase classname="com.example.hrm.tests.TestLoginPage" name="clickonJobTitle" time="4.032"/>
  <testcase classname="com.example.hrm.tests.TestLoginPage" name="getData" time="0.916"/>
  <testcase classname="com.example.hrm.tests.TestLoginPage" name="clickOnAdd" time="0.496"/>
  <testcase classname="com.example.hrm.tests.TestLoginPage" name="validateSite" time="0.02"/>
  <testcase classname="com.example.hrm.tests.TestLoginPage" name="injectData" time="1.321"/>
  <testcase classname="com.example.hrm.tests.TestLoginPage" name="logout" time="2.868"/>
</testsuite> <!-- Default test -->
