<?xml version="1.0" encoding="UTF-8"?>
<!-- Generated by org.testng.reporters.JUnitXMLReporter -->
<testsuite ignored="0" hostname="LTIN718959" failures="0" tests="10" name="hrm" time="13.687" errors="0" timestamp="2026-04-07T17:56:42 IST">
  <testcase classname="com.example.hrm.tests.TestLoginPage" name="validateTitle" time="0.011"/>
  <testcase classname="com.example.hrm.tests.TestLoginPage" name="Login" time="1.889"/>
  <testcase classname="com.example.hrm.tests.TestLoginPage" name="validateHomepageURL" time="0.008"/>
  <testcase classname="com.example.hrm.tests.TestLoginPage" name="gotoAdmintab" time="1.544"/>
  <testcase classname="com.example.hrm.tests.TestLoginPage" name="clickonJobTitle" time="3.745"/>
  <testcase classname="com.example.hrm.tests.TestLoginPage" name="getData" time="0.651"/>
  <testcase classname="com.example.hrm.tests.TestLoginPage" name="clickOnAdd" time="0.469"/>
  <testcase classname="com.example.hrm.tests.TestLoginPage" name="validateSite" time="0.005"/>
  <testcase classname="com.example.hrm.tests.TestLoginPage" name="injectData" time="1.399"/>
  <testcase classname="com.example.hrm.tests.TestLoginPage" name="logout" time="2.587"/>
</testsuite> <!-- hrm -->
