<?xml version="1.0" encoding="UTF-8"?>
<testng-results ignored="0" total="10" passed="10" failed="0" skipped="0">
  <reporter-output>
    <line>
      <![CDATA[Created the Driver Instance]]>
    </line>
    <line>
      <![CDATA[Valid Title]]>
    </line>
    <line>
      <![CDATA[Login Successful]]>
    </line>
    <line>
      <![CDATA[Opened Homepage Successfully]]>
    </line>
    <line>
      <![CDATA[Clicked on Admin Tab]]>
    </line>
    <line>
      <![CDATA[Clicked on Job -> Job Titles]]>
    </line>
    <line>
      <![CDATA[got 30 results]]>
    </line>
    <line>
      <![CDATA[Terminated Instance / Killed the Driver]]>
    </line>
  </reporter-output>
  <suite started-at="2026-04-07T17:56:28 IST" name="Default Suite" finished-at="2026-04-07T17:56:42 IST" duration-ms="13687">
    <groups>
    </groups>
    <test started-at="2026-04-07T17:56:28 IST" name="hrm" finished-at="2026-04-07T17:56:42 IST" duration-ms="13687">
      <class name="com.example.hrm.tests.TestLoginPage">
        <test-method is-config="true" signature="createDriver()[pri:0, instance:com.example.hrm.tests.TestLoginPage@40dd3977]" started-at="2026-04-07T17:56:28 IST" name="createDriver" finished-at="2026-04-07T17:56:28 IST" duration-ms="36" status="PASS">
          <reporter-output>
            <line>
              <![CDATA[Created the Driver Instance]]>
            </line>
          </reporter-output>
        </test-method> <!-- createDriver -->
        <test-method signature="validateTitle()[pri:0, instance:com.example.hrm.tests.TestLoginPage@40dd3977]" started-at="2026-04-07T17:56:28 IST" name="validateTitle" finished-at="2026-04-07T17:56:28 IST" duration-ms="11" status="PASS">
          <reporter-output>
            <line>
              <![CDATA[Valid Title]]>
            </line>
          </reporter-output>
        </test-method> <!-- validateTitle -->
        <test-method signature="Login()[pri:0, instance:com.example.hrm.tests.TestLoginPage@40dd3977]" started-at="2026-04-07T17:56:28 IST" name="Login" finished-at="2026-04-07T17:56:30 IST" depends-on-methods="com.example.hrm.tests.TestLoginPage.validateTitle" duration-ms="1889" status="PASS">
          <reporter-output>
            <line>
              <![CDATA[Login Successful]]>
            </line>
          </reporter-output>
        </test-method> <!-- Login -->
        <test-method signature="validateHomepageURL()[pri:0, instance:com.example.hrm.tests.TestLoginPage@40dd3977]" started-at="2026-04-07T17:56:30 IST" name="validateHomepageURL" finished-at="2026-04-07T17:56:30 IST" depends-on-methods="com.example.hrm.tests.TestLoginPage.Login" duration-ms="8" status="PASS">
          <reporter-output>
            <line>
              <![CDATA[Opened Homepage Successfully]]>
            </line>
          </reporter-output>
        </test-method> <!-- validateHomepageURL -->
        <test-method signature="gotoAdmintab()[pri:0, instance:com.example.hrm.tests.TestLoginPage@40dd3977]" started-at="2026-04-07T17:56:30 IST" name="gotoAdmintab" finished-at="2026-04-07T17:56:31 IST" depends-on-methods="com.example.hrm.tests.TestLoginPage.validateHomepageURL" duration-ms="1544" status="PASS">
          <reporter-output>
            <line>
              <![CDATA[Clicked on Admin Tab]]>
            </line>
          </reporter-output>
        </test-method> <!-- gotoAdmintab -->
        <test-method signature="clickonJobTitle()[pri:0, instance:com.example.hrm.tests.TestLoginPage@40dd3977]" started-at="2026-04-07T17:56:31 IST" name="clickonJobTitle" finished-at="2026-04-07T17:56:35 IST" depends-on-methods="com.example.hrm.tests.TestLoginPage.gotoAdmintab" duration-ms="3745" status="PASS">
          <reporter-output>
            <line>
              <![CDATA[Clicked on Job -> Job Titles]]>
            </line>
          </reporter-output>
        </test-method> <!-- clickonJobTitle -->
        <test-method signature="getData()[pri:0, instance:com.example.hrm.tests.TestLoginPage@40dd3977]" started-at="2026-04-07T17:56:35 IST" name="getData" finished-at="2026-04-07T17:56:36 IST" depends-on-methods="com.example.hrm.tests.TestLoginPage.clickonJobTitle" duration-ms="651" status="PASS">
          <reporter-output>
            <line>
              <![CDATA[got 30 results]]>
            </line>
          </reporter-output>
        </test-method> <!-- getData -->
        <test-method signature="clickOnAdd()[pri:0, instance:com.example.hrm.tests.TestLoginPage@40dd3977]" started-at="2026-04-07T17:56:36 IST" name="clickOnAdd" finished-at="2026-04-07T17:56:36 IST" depends-on-methods="com.example.hrm.tests.TestLoginPage.getData" duration-ms="469" status="PASS">
          <reporter-output>
          </reporter-output>
        </test-method> <!-- clickOnAdd -->
        <test-method signature="validateSite()[pri:0, instance:com.example.hrm.tests.TestLoginPage@40dd3977]" started-at="2026-04-07T17:56:36 IST" name="validateSite" finished-at="2026-04-07T17:56:36 IST" depends-on-methods="com.example.hrm.tests.TestLoginPage.clickOnAdd" duration-ms="5" status="PASS">
          <reporter-output>
          </reporter-output>
        </test-method> <!-- validateSite -->
        <test-method signature="injectData()[pri:0, instance:com.example.hrm.tests.TestLoginPage@40dd3977]" started-at="2026-04-07T17:56:36 IST" name="injectData" finished-at="2026-04-07T17:56:38 IST" depends-on-methods="com.example.hrm.tests.TestLoginPage.validateSite" duration-ms="1399" status="PASS">
          <reporter-output>
          </reporter-output>
        </test-method> <!-- injectData -->
        <test-method signature="logout()[pri:0, instance:com.example.hrm.tests.TestLoginPage@40dd3977]" started-at="2026-04-07T17:56:38 IST" name="logout" finished-at="2026-04-07T17:56:40 IST" depends-on-methods="com.example.hrm.tests.TestLoginPage.injectData" duration-ms="2587" status="PASS">
          <reporter-output>
          </reporter-output>
        </test-method> <!-- logout -->
        <test-method is-config="true" signature="TearDown()[pri:0, instance:com.example.hrm.tests.TestLoginPage@40dd3977]" started-at="2026-04-07T17:56:40 IST" name="TearDown" finished-at="2026-04-07T17:56:42 IST" duration-ms="1269" status="PASS">
          <reporter-output>
            <line>
              <![CDATA[Terminated Instance / Killed the Driver]]>
            </line>
          </reporter-output>
        </test-method> <!-- TearDown -->
      </class> <!-- com.example.hrm.tests.TestLoginPage -->
    </test> <!-- hrm -->
  </suite> <!-- Default Suite -->
</testng-results>
