<?xml version="1.0" encoding="UTF-8"?>
<!-- Generated by org.testng.reporters.JUnitReportReporter -->
<testsuite hostname="LTIN718959" failures="0" tests="10" name="com.example.hrm.tests.TestLoginPage" time="12.308" errors="0" timestamp="2026-04-07T17:56:42 IST" skipped="0">
  <testcase classname="com.example.hrm.tests.TestLoginPage" name="Login" time="1.889">
    <system-out>
      <![CDATA[Login Successful]]>
    </system-out>
  </testcase> <!-- Login -->
  <testcase classname="com.example.hrm.tests.TestLoginPage" name="logout" time="2.587"/>
  <testcase classname="com.example.hrm.tests.TestLoginPage" name="validateHomepageURL" time="0.008">
    <system-out>
      <![CDATA[Opened Homepage Successfully]]>
    </system-out>
  </testcase> <!-- validateHomepageURL -->
  <testcase classname="com.example.hrm.tests.TestLoginPage" name="gotoAdmintab" time="1.544">
    <system-out>
      <![CDATA[Clicked on Admin Tab]]>
    </system-out>
  </testcase> <!-- gotoAdmintab -->
  <testcase classname="com.example.hrm.tests.TestLoginPage" name="injectData" time="1.399"/>
  <testcase classname="com.example.hrm.tests.TestLoginPage" name="validateTitle" time="0.011">
    <system-out>
      <![CDATA[Valid Title]]>
    </system-out>
  </testcase> <!-- validateTitle -->
  <testcase classname="com.example.hrm.tests.TestLoginPage" name="getData" time="0.651">
    <system-out>
      <![CDATA[got 30 results]]>
    </system-out>
  </testcase> <!-- getData -->
  <testcase classname="com.example.hrm.tests.TestLoginPage" name="clickOnAdd" time="0.469"/>
  <testcase classname="com.example.hrm.tests.TestLoginPage" name="validateSite" time="0.005"/>
  <testcase classname="com.example.hrm.tests.TestLoginPage" name="clickonJobTitle" time="3.745">
    <system-out>
      <![CDATA[Clicked on Job -> Job Titles]]>
    </system-out>
  </testcase> <!-- clickonJobTitle -->
  <system-out>
    <![CDATA[Created the Driver Instance
Valid Title
Login Successful
Opened Homepage Successfully
Clicked on Admin Tab
Clicked on Job -> Job Titles
got 30 results
Terminated Instance / Killed the Driver]]>
  </system-out>
</testsuite> <!-- com.example.hrm.tests.TestLoginPage -->
